build/app/outputs/mapping/release/mapping.txt
# compiler: R8
# compiler_version: 2.1.62
# min_api: 21
# pg_map_id: 56f163d
# common_typos_disable
com.chapelhilldenham.invest_naija.CustomSplashScreen -> com.chapelhilldenham.invest_naija.a:
    void transitionToFlutter(java.lang.Runnable) -> a
    boolean doesSplashViewRememberItsTransition() -> b
    android.view.View createSplashView(android.content.Context,android.os.Bundle) -> c
    android.os.Bundle saveSplashScreenState() -> d
com.chapelhilldenham.invest_naija.MainActivity -> com.chapelhilldenham.invest_naija.MainActivity:
    io.flutter.embedding.android.SplashScreen provideSplashScreen() -> r
com.chapelhilldenham.invest_naija.SplashView -> com.chapelhilldenham.invest_naija.b:
...
com.google.android.exoplayer2.extractor.ts.TsUtil -> b.a.a.a.q2.n0.j0:
    int findSyncBytePosition(byte[],int,int) -> a
    long readPcrFromPacket(com.google.android.exoplayer2.util.ParsableByteArray,int,int) -> b
    long readPcrValueFromPcrBytes(byte[]) -> c
com.google.android.exoplayer2.extractor.ts.UserDataReader -> b.a.a.a.q2.n0.k0:
    java.util.List closedCaptionFormats -> a
    com.google.android.exoplayer2.extractor.TrackOutput[] outputs -> b
    void consume(long,com.google.android.exoplayer2.util.ParsableByteArray) -> a
    void createTracks(com.google.android.exoplayer2.extractor.ExtractorOutput,com.google.android.exoplayer2.extractor.ts.TsPayloadReader$TrackIdGenerator) -> b
com.google.android.exoplayer2.extractor.wav.-$$Lambda$WavExtractor$Qwcn1NjCsgxYvA5Vzd4jHyQOX2k -> b.a.a.a.q2.o0.a:
    com.google.android.exoplayer2.extractor.wav.-$$Lambda$WavExtractor$Qwcn1NjCsgxYvA5Vzd4jHyQOX2k INSTANCE -> a
    com.google.android.exoplayer2.extractor.Extractor[] createExtractors(android.net.Uri,java.util.Map) -> a
    com.google.android.exoplayer2.extractor.Extractor[] createExtractors() -> b
com.google.android.exoplayer2.extractor.wav.WavExtractor -> b.a.a.a.q2.o0.b:
    com.google.android.exoplayer2.extractor.TrackOutput trackOutput -> b
    long dataEndPosition -> e
    com.google.android.exoplayer2.extractor.wav.WavExtractor$OutputWriter outputWriter -> c
    int dataStartPosition -> d
    com.google.android.exoplayer2.extractor.ExtractorOutput extractorOutput -> a
    void release() -> a
    void assertInitialized() -> b
    void init(com.google.android.exoplayer2.extractor.ExtractorOutput) -> c
    void seek(long,long) -> d
    com.google.android.exoplayer2.extractor.Extractor[] lambda$static$0() -> e
    int read(com.google.android.exoplayer2.extractor.ExtractorInput,com.google.android.exoplayer2.extractor.PositionHolder) -> h
    boolean sniff(com.google.android.exoplayer2.extractor.ExtractorInput) -> i
com.google.android.exoplayer2.extractor.wav.WavExtractor$ImaAdPcmOutputWriter -> b.a.a.a.q2.o0.b$a:
    long startTimeUs -> j
    long outputFrameCount -> l
    int pendingOutputBytes -> k
    int pendingInputBytes -> i
    int targetSampleSizeFrames -> g
    int framesPerBlock -> d
    com.google.android.exoplayer2.extractor.ExtractorOutput extractorOutput -> a
    com.google.android.exoplayer2.util.ParsableByteArray decodedData -> f
    com.google.android.exoplayer2.extractor.TrackOutput trackOutput -> b
    int[] STEP_TABLE -> n
    com.google.android.exoplayer2.Format format -> h
    com.google.android.exoplayer2.extractor.wav.WavHeader header -> c
    int[] INDEX_TABLE -> m
    byte[] inputData -> e
    void init(int,long) -> a
    void reset(long) -> b
    boolean sampleData(com.google.android.exoplayer2.extractor.ExtractorInput,long) -> c
    void decode(byte[],int,com.google.android.exoplayer2.util.ParsableByteArray) -> d
    void decodeBlockForChannel(byte[],int,int,byte[]) -> e
    int numOutputBytesToFrames(int) -> f
    int numOutputFramesToBytes(int) -> g
    int numOutputFramesToBytes(int,int) -> h
    void writeSampleMetadata(int) -> i
com.google.android.exoplayer2.extractor.wav.WavExtractor$OutputWriter -> b.a.a.a.q2.o0.b$b:
    void init(int,long) -> a
    void reset(long) -> b
    boolean sampleData(com.google.android.exoplayer2.extractor.ExtractorInput,long) -> c