build/app/outputs/mapping/release/usage.txt
com.chapelhilldenham.invest_naija.R$style
com.chapelhilldenham.invest_naija.R$string
com.chapelhilldenham.invest_naija.R$attr
com.chapelhilldenham.invest_naija.R$id
com.chapelhilldenham.invest_naija.R$dimen
com.chapelhilldenham.invest_naija.R
com.chapelhilldenham.invest_naija.SplashView$SplashViewAdapter
com.chapelhilldenham.invest_naija.R$layout
com.chapelhilldenham.invest_naija.R$xml
com.chapelhilldenham.invest_naija.BuildConfig
com.chapelhilldenham.invest_naija.R$drawable
com.chapelhilldenham.invest_naija.R$styleable
com.chapelhilldenham.invest_naija.R$integer
com.chapelhilldenham.invest_naija.R$color
com.chapelhilldenham.invest_naija.R$mipmap
...
com.google.common.reflect.TypeToken$4
com.google.android.exoplayer2.drm.DefaultDrmSessionManagerProvider:
    public void setDrmHttpDataSourceFactory(com.google.android.exoplayer2.upstream.HttpDataSource$Factory)
    public void setDrmUserAgent(java.lang.String)
kotlin.collections.ArraysKt__ArraysKt
com.google.common.io.Files$2
io.flutter.embedding.engine.systemchannels.LifecycleChannel:
    private static final java.lang.String TAG
com.google.common.collect.StandardTable$ColumnKeyIterator
com.google.common.graph.DirectedMultiNetworkConnections
org.jetbrains.annotations.NonNls
com.google.common.primitives.Longs$LongConverter
kotlin.text.FlagEnum
androidx.core.content.SharedPreferencesCompat$EditorCompat$Helper
com.google.android.exoplayer2.text.ssa.SsaDecoder:
    public void <init>()
    private static final java.lang.String TAG
    static final java.lang.String FORMAT_LINE_PREFIX
    static final java.lang.String STYLE_LINE_PREFIX
    private static final java.lang.String DIALOGUE_LINE_PREFIX
    private static final float DEFAULT_MARGIN
io.flutter.plugins.camera.types.FocusMode
com.google.android.exoplayer2.util.PriorityTaskManager:
    public void proceed(int)
    public boolean proceedNonBlocking(int)
    public void proceedOrThrow(int)
com.google.common.cache.AbstractCache
com.google.common.collect.Collections2$FilteredCollection
androidx.core.view.DragStartHelper$1
kotlin.coroutines.SafeContinuation
com.google.android.exoplayer2.source.hls.HlsMediaSource$Factory:
    private static synthetic com.google.android.exoplayer2.drm.DrmSessionManager lambda$setDrmSessionManager$0(com.google.android.exoplayer2.drm.DrmSessionManager,com.google.android.exoplayer2.MediaItem)
    public com.google.android.exoplayer2.source.hls.HlsMediaSource$Factory setTag(java.lang.Object)
    public com.google.android.exoplayer2.source.hls.HlsMediaSource$Factory setExtractorFactory(com.google.android.exoplayer2.source.hls.HlsExtractorFactory)
    public com.google.android.exoplayer2.source.hls.HlsMediaSource$Factory setLoadErrorHandlingPolicy(com.google.android.exoplayer2.upstream.LoadErrorHandlingPolicy)
    public com.google.android.exoplayer2.source.hls.HlsMediaSource$Factory setPlaylistParserFactory(com.google.android.exoplayer2.source.hls.playlist.HlsPlaylistParserFactory)
    public com.google.android.exoplayer2.source.hls.HlsMediaSource$Factory setPlaylistTrackerFactory(com.google.android.exoplayer2.source.hls.playlist.HlsPlaylistTracker$Factory)
    public com.google.android.exoplayer2.source.hls.HlsMediaSource$Factory setCompositeSequenceableLoaderFactory(com.google.android.exoplayer2.source.CompositeSequenceableLoaderFactory)
    public com.google.android.exoplayer2.source.hls.HlsMediaSource$Factory setAllowChunklessPreparation(boolean)
    public com.google.android.exoplayer2.source.hls.HlsMediaSource$Factory setMetadataType(int)
com.google.common.collect.MinMaxPriorityQueue$Builder
com.google.common.collect.ComparisonChain$1:
    public com.google.common.collect.ComparisonChain compare(java.lang.Comparable,java.lang.Comparable)
    public com.google.common.collect.ComparisonChain compare(float,float)
    public com.google.common.collect.ComparisonChain compare(double,double)
com.google.android.exoplayer2.BaseRenderer:
    protected final long getLastResetPositionUs()
com.google.common.collect.Maps$SortedAsMapView
com.google.common.collect.Synchronized
kotlin.io.FileSystemException
kotlin.jvm.internal.ByteCompanionObject
com.google.common.hash.Funnels$StringCharsetFunnel
kotlin.random.PlatformRandomKt
com.google.android.exoplayer2.MediaItem:
    public static com.google.android.exoplayer2.MediaItem fromUri(java.lang.String)
    public android.os.Bundle toBundle()
    public static final java.lang.String DEFAULT_MEDIA_ID
    private static final int FIELD_MEDIA_ID
    private static final int FIELD_LIVE_CONFIGURATION
    private static final int FIELD_MEDIA_METADATA
    private static final int FIELD_CLIPPING_PROPERTIES